2017-10-20 08:49:14 +0000  Initial pipeline context: <IDEDistributionProcessingPipelineContext: 0x7ff406037a30; archive(resolved)='<IDEArchive: 0x7ff40607aa40>', distributionTask(resolved)='2', distributionMethod(resolved)='<IDEDistributionMethodiOSAppStoreExport: 0x7ff400a55f40>', team(resolved)='<IDEProvisioningBasicTeam 0x7ff3fdeae090: teamID: AMHU8R4G9M, teamName: XCLOUD GAME CO., LIMITED>'>
	Chain (11, self inclusive):
	<IDEDistributionProcessingPipelineContext: 0x7ff406037a30; archive = '<IDEArchive: 0x7ff40607aa40>', distributionMethod='<IDEDistributionMethodiOSAppStoreExport: 0x7ff400a55f40>', team='<IDEProvisioningBasicTeam 0x7ff3fdeae090: teamID: AMHU8R4G9M, teamName: XCLOUD GAME CO., LIMITED>'>
	<IDEDistributionProcessingPipelineContext: 0x7ff403153120; archive = '<IDEArchive: 0x7ff40607aa40>', distributionMethod='<IDEDistributionMethodiOSAppStoreExport: 0x7ff400a55f40>', team='<IDEProvisioningBasicTeam 0x7ff3fdeae090: teamID: AMHU8R4G9M, teamName: XCLOUD GAME CO., LIMITED>'>
	<IDEDistributionContext: 0x7ff401252780; archive = '<IDEArchive: 0x7ff40607aa40>', distributionMethod='<IDEDistributionMethodiOSAppStoreExport: 0x7ff400a55f40>', team='<IDEProvisioningBasicTeam 0x7ff3fdeae090: teamID: AMHU8R4G9M, teamName: XCLOUD GAME CO., LIMITED>'>
	<IDEDistributionContext: 0x7ff40320bfa0; archive = '<IDEArchive: 0x7ff40607aa40>', distributionMethod='<IDEDistributionMethodiOSAppStoreExport: 0x7ff400a55f40>', team='<IDEProvisioningBasicTeam 0x7ff3fdeae090: teamID: AMHU8R4G9M, teamName: XCLOUD GAME CO., LIMITED>'>
	<IDEDistributionContext: 0x7ff404417d00; archive = '<IDEArchive: 0x7ff40607aa40>', distributionMethod='<IDEDistributionMethodiOSAppStoreExport: 0x7ff400a55f40>', team='<IDEProvisioningBasicTeam 0x7ff3fdeae090: teamID: AMHU8R4G9M, teamName: XCLOUD GAME CO., LIMITED>'>
	<IDEDistributionContext: 0x7ff404a8a5e0; archive = '<IDEArchive: 0x7ff40607aa40>', distributionMethod='<IDEDistributionMethodiOSAppStoreExport: 0x7ff400a55f40>', team='<IDEProvisioningBasicTeam 0x7ff3fdeae090: teamID: AMHU8R4G9M, teamName: XCLOUD GAME CO., LIMITED>'>
	<IDEDistributionContext: 0x7ff4007c1ad0; archive = '<IDEArchive: 0x7ff40607aa40>', distributionMethod='<IDEDistributionMethodiOSAppStoreExport: 0x7ff400a55f40>', team='<IDEProvisioningBasicTeam 0x7ff3fdeae090: teamID: AMHU8R4G9M, teamName: XCLOUD GAME CO., LIMITED>'>
	<IDEDistributionContext: 0x7ff400365f50; archive = '<IDEArchive: 0x7ff40607aa40>', distributionMethod='<IDEDistributionMethodiOSAppStoreExport: 0x7ff400a55f40>', team='<IDEProvisioningBasicTeam 0x7ff3fdeae090: teamID: AMHU8R4G9M, teamName: XCLOUD GAME CO., LIMITED>'>
	<IDEDistributionContext: 0x7ff412b6e2d0; archive = '<IDEArchive: 0x7ff40607aa40>', distributionMethod='<IDEDistributionMethodiOSAppStoreExport: 0x7ff400a55f40>', team='<IDEProvisioningBasicTeam 0x7ff3fdeae090: teamID: AMHU8R4G9M, teamName: XCLOUD GAME CO., LIMITED>'>
	<IDEDistributionContext: 0x7ff4041bc150; archive = '<IDEArchive: 0x7ff40607aa40>', distributionMethod='<IDEDistributionMethodiOSAppStoreExport: 0x7ff400a55f40>', team='(null)'>
	<IDEDistributionContext: 0x7ff404d86c40; archive = '<IDEArchive: 0x7ff40607aa40>', distributionMethod='(null)', team='(null)'>
</IDEDistributionProcessingPipelineContext: 0x7ff406037a30>
2017-10-20 08:49:14 +0000  Processing step: IDEDistributionCreateDestRootStep
2017-10-20 08:49:14 +0000  Processing step: IDEDistributionCopyItemStep
2017-10-20 08:49:14 +0000  Running /usr/bin/ditto '-V' '/Users/fanxiaolong/Library/Developer/Xcode/Archives/2017-10-20/sixrandom 2017-10-20 下午4.28.xcarchive/Products/Applications/sixrandom.app' '/var/folders/4g/525wtf5d7ss5r8dyd719q7dw0000gp/T/XcodeDistPipeline.pWJ/Root/Payload/sixrandom.app'
2017-10-20 08:49:14 +0000  >>> Copying /Users/fanxiaolong/Library/Developer/Xcode/Archives/2017-10-20/sixrandom 2017-10-20 下午4.28.xcarchive/Products/Applications/sixrandom.app 
2017-10-20 08:49:14 +0000  copying file ./_CodeSignature/CodeResources ... 
2017-10-20 08:49:14 +0000  9055 bytes for ./_CodeSignature/CodeResources
2017-10-20 08:49:14 +0000  copying file ./AppIcon20x20@2x.png ... 
2017-10-20 08:49:14 +0000  4864 bytes for ./AppIcon20x20@2x.png
copying file ./AppIcon20x20@3x.png ... 
2017-10-20 08:49:14 +0000  9664 bytes for ./AppIcon20x20@3x.png
2017-10-20 08:49:14 +0000  copying file ./AppIcon29x29@2x.png ... 
2017-10-20 08:49:14 +0000  9000 bytes for ./AppIcon29x29@2x.png
copying file ./AppIcon29x29@3x.png ... 
2017-10-20 08:49:14 +0000  17755 bytes for ./AppIcon29x29@3x.png
copying file ./AppIcon40x40@2x.png ... 
2017-10-20 08:49:14 +0000  15648 bytes for ./AppIcon40x40@2x.png
copying file ./AppIcon40x40@3x.png ... 
2017-10-20 08:49:14 +0000  29752 bytes for ./AppIcon40x40@3x.png
copying file ./AppIcon60x60@2x.png ... 
2017-10-20 08:49:14 +0000  29752 bytes for ./AppIcon60x60@2x.png
copying file ./AppIcon60x60@3x.png ... 
2017-10-20 08:49:14 +0000  55197 bytes for ./AppIcon60x60@3x.png
copying file ./archived-expanded-entitlements.xcent ... 
2017-10-20 08:49:14 +0000  356 bytes for ./archived-expanded-entitlements.xcent
2017-10-20 08:49:14 +0000  copying file ./assets/node_modules/react-native-calendars/src/calendar/img/next@2x.png ... 
2017-10-20 08:49:14 +0000  462 bytes for ./assets/node_modules/react-native-calendars/src/calendar/img/next@2x.png
copying file ./assets/node_modules/react-native-calendars/src/calendar/img/previous@2x.png ... 
2017-10-20 08:49:14 +0000  458 bytes for ./assets/node_modules/react-native-calendars/src/calendar/img/previous@2x.png
2017-10-20 08:49:14 +0000  copying file ./assets/node_modules/react-navigation/src/views/assets/back-icon.png ... 
2017-10-20 08:49:14 +0000  518 bytes for ./assets/node_modules/react-navigation/src/views/assets/back-icon.png
2017-10-20 08:49:14 +0000  copying file ./assets/node_modules/react-navigation/src/views/assets/back-icon@2x.png ... 
2017-10-20 08:49:14 +0000  792 bytes for ./assets/node_modules/react-navigation/src/views/assets/back-icon@2x.png
copying file ./assets/node_modules/react-navigation/src/views/assets/back-icon@3x.png ... 
2017-10-20 08:49:14 +0000  950 bytes for ./assets/node_modules/react-navigation/src/views/assets/back-icon@3x.png
2017-10-20 08:49:14 +0000  copying file ./Assets.car ... 
2017-10-20 08:49:14 +0000  1018120 bytes for ./Assets.car
2017-10-20 08:49:14 +0000  copying file ./Base.lproj/LaunchScreen.nib ... 
3128 bytes for ./Base.lproj/LaunchScreen.nib
copying file ./embedded.mobileprovision ... 
7569 bytes for ./embedded.mobileprovision
copying file ./index.ios.jsbundle ... 
2017-10-20 08:49:14 +0000  1113853 bytes for ./index.ios.jsbundle
copying file ./Info.plist ... 
2017-10-20 08:49:14 +0000  1888 bytes for ./Info.plist
copying file ./LaunchImage-700-568h@2x.png ... 
2017-10-20 08:49:14 +0000  14942 bytes for ./LaunchImage-700-568h@2x.png
copying file ./main.jsbundle ... 
2017-10-20 08:49:14 +0000  1113853 bytes for ./main.jsbundle
copying file ./main.jsbundle.meta ... 
2017-10-20 08:49:14 +0000  21 bytes for ./main.jsbundle.meta
copying file ./PkgInfo ... 
8 bytes for ./PkgInfo
copying file ./sixrandom ... 
2017-10-20 08:49:14 +0000  16607536 bytes for ./sixrandom
2017-10-20 08:49:14 +0000  /usr/bin/ditto exited with 0
2017-10-20 08:49:14 +0000  Processing step: IDEDistributionEmbedProfileStep
2017-10-20 08:49:14 +0000  Processing step: IDEDistributionItemRemovalStep
2017-10-20 08:49:14 +0000  Processing step: IDEDistributionAppThinningPlistStep
2017-10-20 08:49:14 +0000  Skipping step: IDEDistributionAppThinningPlistStep because it said so
2017-10-20 08:49:14 +0000  Processing step: IDEDistributionCompileBitcodeStep
2017-10-20 08:49:14 +0000  Skipping step: IDEDistributionCompileBitcodeStep because it said so
2017-10-20 08:49:14 +0000  Processing step: IDEDistributionCodeSlimmingStep
2017-10-20 08:49:15 +0000  Processing step: IDEDistributionCopyBCSymbolMapsStep
2017-10-20 08:49:15 +0000  Running /usr/bin/ditto '-V' '/Users/fanxiaolong/Library/Developer/Xcode/Archives/2017-10-20/sixrandom 2017-10-20 下午4.28.xcarchive/BCSymbolMaps/2EED7D35-099D-37C4-8682-9851CAD9E82D.bcsymbolmap' '/var/folders/4g/525wtf5d7ss5r8dyd719q7dw0000gp/T/XcodeDistPipeline.pWJ/Root/BCSymbolMaps/2EED7D35-099D-37C4-8682-9851CAD9E82D.bcsymbolmap'
2017-10-20 08:49:15 +0000  >>> Copying /Users/fanxiaolong/Library/Developer/Xcode/Archives/2017-10-20/sixrandom 2017-10-20 下午4.28.xcarchive/BCSymbolMaps/2EED7D35-099D-37C4-8682-9851CAD9E82D.bcsymbolmap 
2017-10-20 08:49:15 +0000  copying file ./2EED7D35-099D-37C4-8682-9851CAD9E82D.bcsymbolmap ... 
2017-10-20 08:49:15 +0000  399371 bytes for ./2EED7D35-099D-37C4-8682-9851CAD9E82D.bcsymbolmap
2017-10-20 08:49:15 +0000  /usr/bin/ditto exited with 0
2017-10-20 08:49:15 +0000  Running /usr/bin/ditto '-V' '/Users/fanxiaolong/Library/Developer/Xcode/Archives/2017-10-20/sixrandom 2017-10-20 下午4.28.xcarchive/BCSymbolMaps/2D116160-22F0-36AC-987F-C33C09B28D33.bcsymbolmap' '/var/folders/4g/525wtf5d7ss5r8dyd719q7dw0000gp/T/XcodeDistPipeline.pWJ/Root/BCSymbolMaps/2D116160-22F0-36AC-987F-C33C09B28D33.bcsymbolmap'
2017-10-20 08:49:15 +0000  >>> Copying /Users/fanxiaolong/Library/Developer/Xcode/Archives/2017-10-20/sixrandom 2017-10-20 下午4.28.xcarchive/BCSymbolMaps/2D116160-22F0-36AC-987F-C33C09B28D33.bcsymbolmap 
2017-10-20 08:49:15 +0000  copying file ./2D116160-22F0-36AC-987F-C33C09B28D33.bcsymbolmap ... 
2017-10-20 08:49:15 +0000  396408 bytes for ./2D116160-22F0-36AC-987F-C33C09B28D33.bcsymbolmap
2017-10-20 08:49:15 +0000  /usr/bin/ditto exited with 0
2017-10-20 08:49:15 +0000  Processing step: IDEDistributionSymbolsStep
2017-10-20 08:49:15 +0000  Excluding symbols for sixrandom.app
2017-10-20 08:49:15 +0000  Processing step: IDEDistributionCopyAppleProvidedContentStep
2017-10-20 08:49:15 +0000  Processing step: IDEDistributionAppThinningStep
2017-10-20 08:49:15 +0000  Skipping step: IDEDistributionAppThinningStep because it said so
2017-10-20 08:49:15 +0000  Processing step: IDEDistributionODRStep
2017-10-20 08:49:15 +0000  Processing step: IDEDistributionStripXattrsStep
2017-10-20 08:49:15 +0000  Running /usr/bin/xattr '-cr' '/var/folders/4g/525wtf5d7ss5r8dyd719q7dw0000gp/T/XcodeDistPipeline.pWJ/Root/Payload/sixrandom.app'
2017-10-20 08:49:19 +0000  /usr/bin/xattr exited with 0
2017-10-20 08:49:19 +0000  Processing step: IDEDistributionCodesignStep
2017-10-20 08:49:19 +0000  Applying entitlements delta for <IDEDistributionItem: 0x7ff3ffb8cbb0 'sixrandom' '<DVTFilePath:0x7ff41dbe7e70:'/Users/fanxiaolong/Library/Developer/Xcode/Archives/2017-10-20/sixrandom 2017-10-20 下午4.28.xcarchive/Products/Applications/sixrandom.app'>'> from <IDEiCloudEntitlementsProcessor: 0x7ff40070ebf0>: {
}
2017-10-20 08:49:19 +0000  Entitlements for <IDEDistributionItem: 0x7ff3ffb8cbb0 'sixrandom' '<DVTFilePath:0x7ff41dbe7e70:'/Users/fanxiaolong/Library/Developer/Xcode/Archives/2017-10-20/sixrandom 2017-10-20 下午4.28.xcarchive/Products/Applications/sixrandom.app'>'>: {
    "application-identifier" = "AMHU8R4G9M.sixrandom";
    "beta-reports-active" = 1;
    "com.apple.developer.team-identifier" = AMHU8R4G9M;
    "get-task-allow" = 0;
    "keychain-access-groups" =     (
        "AMHU8R4G9M.sixrandom"
    );
}
2017-10-20 08:49:19 +0000  Writing entitlements for <IDEDistributionItem: 0x7ff3ffb8cbb0 'sixrandom' '<DVTFilePath:0x7ff41dbe7e70:'/Users/fanxiaolong/Library/Developer/Xcode/Archives/2017-10-20/sixrandom 2017-10-20 下午4.28.xcarchive/Products/Applications/sixrandom.app'>'> to: /var/folders/4g/525wtf5d7ss5r8dyd719q7dw0000gp/T/XcodeDistPipeline.pWJ/entitlementsJPhmKe
2017-10-20 08:49:19 +0000  Running /usr/bin/codesign '-vvv' '--force' '--sign' 'D08C7B2F70877C80BBBBBF4A658BCBB420431C0E' '--preserve-metadata=identifier,flags' '--entitlements' '/var/folders/4g/525wtf5d7ss5r8dyd719q7dw0000gp/T/XcodeDistPipeline.pWJ/entitlementsJPhmKe' '/var/folders/4g/525wtf5d7ss5r8dyd719q7dw0000gp/T/XcodeDistPipeline.pWJ/Root/Payload/sixrandom.app'
2017-10-20 08:49:21 +0000  /var/folders/4g/525wtf5d7ss5r8dyd719q7dw0000gp/T/XcodeDistPipeline.pWJ/Root/Payload/sixrandom.app: signed app bundle with Mach-O universal (armv7 arm64) [sixrandom]
2017-10-20 08:49:21 +0000  /usr/bin/codesign exited with 0
2017-10-20 08:49:21 +0000  Processing step: IDEDistributionStreamingZipItemStep
2017-10-20 08:49:21 +0000  Skipping step: IDEDistributionStreamingZipItemStep because it said so
2017-10-20 08:49:21 +0000  Processing step: IDEDistributionCreateIPAStep
2017-10-20 08:49:21 +0000  Running /usr/bin/ditto '-V' '-c' '-k' '--norsrc' '/var/folders/4g/525wtf5d7ss5r8dyd719q7dw0000gp/T/XcodeDistPipeline.pWJ/Root' '/var/folders/4g/525wtf5d7ss5r8dyd719q7dw0000gp/T/XcodeDistPipeline.pWJ/Packages/sixrandom.ipa'
2017-10-20 08:49:21 +0000  >>> Copying /var/folders/4g/525wtf5d7ss5r8dyd719q7dw0000gp/T/XcodeDistPipeline.pWJ/Root 
2017-10-20 08:49:21 +0000  copying file ./BCSymbolMaps/2D116160-22F0-36AC-987F-C33C09B28D33.bcsymbolmap ... 
2017-10-20 08:49:21 +0000  396408 bytes for ./BCSymbolMaps/2D116160-22F0-36AC-987F-C33C09B28D33.bcsymbolmap
copying file ./BCSymbolMaps/2EED7D35-099D-37C4-8682-9851CAD9E82D.bcsymbolmap ... 
2017-10-20 08:49:21 +0000  399371 bytes for ./BCSymbolMaps/2EED7D35-099D-37C4-8682-9851CAD9E82D.bcsymbolmap
2017-10-20 08:49:21 +0000  copying file ./Payload/sixrandom.app/_CodeSignature/CodeResources ... 
2017-10-20 08:49:21 +0000  9055 bytes for ./Payload/sixrandom.app/_CodeSignature/CodeResources
copying file ./Payload/sixrandom.app/AppIcon20x20@2x.png ... 
2017-10-20 08:49:21 +0000  4864 bytes for ./Payload/sixrandom.app/AppIcon20x20@2x.png
copying file ./Payload/sixrandom.app/AppIcon20x20@3x.png ... 
2017-10-20 08:49:21 +0000  9664 bytes for ./Payload/sixrandom.app/AppIcon20x20@3x.png
copying file ./Payload/sixrandom.app/AppIcon29x29@2x.png ... 
2017-10-20 08:49:21 +0000  9000 bytes for ./Payload/sixrandom.app/AppIcon29x29@2x.png
copying file ./Payload/sixrandom.app/AppIcon29x29@3x.png ... 
2017-10-20 08:49:21 +0000  17755 bytes for ./Payload/sixrandom.app/AppIcon29x29@3x.png
copying file ./Payload/sixrandom.app/AppIcon40x40@2x.png ... 
2017-10-20 08:49:21 +0000  15648 bytes for ./Payload/sixrandom.app/AppIcon40x40@2x.png
copying file ./Payload/sixrandom.app/AppIcon40x40@3x.png ... 
2017-10-20 08:49:21 +0000  29752 bytes for ./Payload/sixrandom.app/AppIcon40x40@3x.png
copying file ./Payload/sixrandom.app/AppIcon60x60@2x.png ... 
2017-10-20 08:49:21 +0000  29752 bytes for ./Payload/sixrandom.app/AppIcon60x60@2x.png
copying file ./Payload/sixrandom.app/AppIcon60x60@3x.png ... 
2017-10-20 08:49:21 +0000  55197 bytes for ./Payload/sixrandom.app/AppIcon60x60@3x.png
copying file ./Payload/sixrandom.app/archived-expanded-entitlements.xcent ... 
2017-10-20 08:49:21 +0000  356 bytes for ./Payload/sixrandom.app/archived-expanded-entitlements.xcent
copying file ./Payload/sixrandom.app/assets/node_modules/react-native-calendars/src/calendar/img/next@2x.png ... 
462 bytes for ./Payload/sixrandom.app/assets/node_modules/react-native-calendars/src/calendar/img/next@2x.png
copying file ./Payload/sixrandom.app/assets/node_modules/react-native-calendars/src/calendar/img/previous@2x.png ... 
458 bytes for ./Payload/sixrandom.app/assets/node_modules/react-native-calendars/src/calendar/img/previous@2x.png
copying file ./Payload/sixrandom.app/assets/node_modules/react-navigation/src/views/assets/back-icon.png ... 
2017-10-20 08:49:21 +0000  518 bytes for ./Payload/sixrandom.app/assets/node_modules/react-navigation/src/views/assets/back-icon.png
copying file ./Payload/sixrandom.app/assets/node_modules/react-navigation/src/views/assets/back-icon@2x.png ... 
792 bytes for ./Payload/sixrandom.app/assets/node_modules/react-navigation/src/views/assets/back-icon@2x.png
copying file ./Payload/sixrandom.app/assets/node_modules/react-navigation/src/views/assets/back-icon@3x.png ... 
2017-10-20 08:49:21 +0000  950 bytes for ./Payload/sixrandom.app/assets/node_modules/react-navigation/src/views/assets/back-icon@3x.png
copying file ./Payload/sixrandom.app/Assets.car ... 
2017-10-20 08:49:21 +0000  1018120 bytes for ./Payload/sixrandom.app/Assets.car
2017-10-20 08:49:21 +0000  copying file ./Payload/sixrandom.app/Base.lproj/LaunchScreen.nib ... 
2017-10-20 08:49:21 +0000  3128 bytes for ./Payload/sixrandom.app/Base.lproj/LaunchScreen.nib
copying file ./Payload/sixrandom.app/embedded.mobileprovision ... 
2017-10-20 08:49:21 +0000  7426 bytes for ./Payload/sixrandom.app/embedded.mobileprovision
copying file ./Payload/sixrandom.app/index.ios.jsbundle ... 
2017-10-20 08:49:21 +0000  1113853 bytes for ./Payload/sixrandom.app/index.ios.jsbundle
copying file ./Payload/sixrandom.app/Info.plist ... 
2017-10-20 08:49:21 +0000  1888 bytes for ./Payload/sixrandom.app/Info.plist
copying file ./Payload/sixrandom.app/LaunchImage-700-568h@2x.png ... 
14942 bytes for ./Payload/sixrandom.app/LaunchImage-700-568h@2x.png
copying file ./Payload/sixrandom.app/main.jsbundle ... 
2017-10-20 08:49:21 +0000  1113853 bytes for ./Payload/sixrandom.app/main.jsbundle
copying file ./Payload/sixrandom.app/main.jsbundle.meta ... 
2017-10-20 08:49:21 +0000  21 bytes for ./Payload/sixrandom.app/main.jsbundle.meta
copying file ./Payload/sixrandom.app/PkgInfo ... 
8 bytes for ./Payload/sixrandom.app/PkgInfo
copying file ./Payload/sixrandom.app/sixrandom ... 
2017-10-20 08:49:21 +0000  13518704 bytes for ./Payload/sixrandom.app/sixrandom
2017-10-20 08:49:21 +0000  /usr/bin/ditto exited with 0
2017-10-20 08:49:21 +0000  Processing step: IDEDistributionCreateManifestStep
2017-10-20 08:49:21 +0000  Skipping step: IDEDistributionCreateManifestStep because it said so
